<?xml version="1.0" encoding="UTF-8"?>
<<<<<<< HEAD
<testsuite name="util.UserTest" tests="1" skipped="0" failures="0" errors="0" timestamp="2021-10-14T11:40:11" hostname="AMAFVFFJA88Q05G" time="0.007">
  <properties/>
  <testcase name="FizzBuzzNormalNumber()" classname="util.UserTest" time="0.007"/>
=======
<testsuite name="util.UserTest" tests="1" skipped="0" failures="0" errors="0" timestamp="2021-10-13T11:45:01" hostname="AMAFVFFJA88Q05G" time="0.009">
  <properties/>
  <testcase name="FizzBuzzNormalNumber()" classname="util.UserTest" time="0.009"/>
>>>>>>> 225744a00d1b5239b9d3a9682d9893be275dd363
  <system-out><![CDATA[]]></system-out>
  <system-err><![CDATA[]]></system-err>
</testsuite>
